<?xml version="1.0" encoding="UTF-8"?>
<testng-results skipped="0" failed="0" total="1" passed="1">
  <reporter-output>
  </reporter-output>
  <suite name="Default suite" duration-ms="104" started-at="2015-09-14T17:04:23Z" finished-at="2015-09-14T17:04:23Z">
    <groups>
    </groups>
    <test name="Default test" duration-ms="104" started-at="2015-09-14T17:04:23Z" finished-at="2015-09-14T17:04:23Z">
      <class name="com.java.arrays.TestLargest">
        <test-method status="PASS" signature="testmax()[pri:0, instance:com.java.arrays.TestLargest@224aed64]" name="testmax" duration-ms="39" started-at="2015-09-14T10:04:23Z" finished-at="2015-09-14T10:04:23Z">
          <reporter-output>
          </reporter-output>
        </test-method> <!-- testmax -->
      </class> <!-- com.java.arrays.TestLargest -->
    </test> <!-- Default test -->
  </suite> <!-- Default suite -->
</testng-results>
